{"C:/Users/cchamberlain/noderaider/react-redux-stream/packages/react-redux-stream/lib/index.js":{"path":"C:/Users/cchamberlain/noderaider/react-redux-stream/packages/react-redux-stream/lib/index.js","statementMap":{"1":{"start":{"line":3,"column":0},"end":{"line":null,"column":-1}},"2":{"start":{"line":6,"column":0},"end":{"line":null,"column":-1}},"3":{"start":{"line":8,"column":24},"end":{"line":8,"column":0}},"4":{"start":{"line":10,"column":25},"end":{"line":10,"column":0}},"5":{"start":{"line":12,"column":20},"end":{"line":12,"column":0}},"6":{"start":{"line":14,"column":21},"end":{"line":14,"column":0}},"7":{"start":{"line":16,"column":13},"end":{"line":16,"column":0}},"8":{"start":{"line":18,"column":14},"end":{"line":18,"column":0}},"9":{"start":{"line":20,"column":14},"end":{"line":20,"column":0}},"10":{"start":{"line":22,"column":13},"end":{"line":22,"column":0}},"11":{"start":{"line":24,"column":40},"end":{"line":24,"column":267}},"12":{"start":{"line":24,"column":69},"end":{"line":null,"column":-1}},"13":{"start":{"line":24,"column":103},"end":{"line":24,"column":90}},"14":{"start":{"line":24,"column":107},"end":{"line":24,"column":229}},"15":{"start":{"line":24,"column":126},"end":{"line":24,"column":226}},"16":{"start":{"line":24,"column":149},"end":{"line":24,"column":201}},"17":{"start":{"line":24,"column":201},"end":{"line":null,"column":-1}},"18":{"start":{"line":24,"column":229},"end":{"line":24,"column":251}},"19":{"start":{"line":24,"column":251},"end":{"line":null,"column":-1}},"20":{"start":{"line":26,"column":39},"end":{"line":null,"column":-1}},"21":{"start":{"line":28,"column":13},"end":{"line":28,"column":0}},"22":{"start":{"line":35,"column":22},"end":{"line":35,"column":2}},"23":{"start":{"line":37,"column":2},"end":{"line":null,"column":-1}},"24":{"start":{"line":38,"column":2},"end":{"line":null,"column":-1}},"25":{"start":{"line":40,"column":19},"end":{"line":40,"column":2}},"26":{"start":{"line":42,"column":19},"end":{"line":42,"column":2}},"27":{"start":{"line":44,"column":4},"end":{"line":null,"column":-1}},"28":{"start":{"line":45,"column":4},"end":{"line":null,"column":-1}},"29":{"start":{"line":47,"column":18},"end":{"line":47,"column":4}},"30":{"start":{"line":48,"column":17},"end":{"line":48,"column":4}},"31":{"start":{"line":49,"column":4},"end":{"line":null,"column":-1}},"32":{"start":{"line":50,"column":4},"end":{"line":null,"column":-1}},"33":{"start":{"line":52,"column":22},"end":{"line":52,"column":4}},"34":{"start":{"line":55,"column":6},"end":{"line":null,"column":-1}},"35":{"start":{"line":56,"column":6},"end":{"line":null,"column":-1}},"36":{"start":{"line":57,"column":6},"end":{"line":null,"column":-1}},"37":{"start":{"line":59,"column":4},"end":{"line":null,"column":-1}},"38":{"start":{"line":62,"column":2},"end":{"line":null,"column":-1}},"39":{"start":{"line":65,"column":6},"end":{"line":null,"column":-1}}},"fnMap":{"1":{"name":"_interopRequireWildcard","decl":{"start":{"line":24,"column":9},"end":{"line":24,"column":0}},"loc":{"start":{"line":24,"column":38},"end":{"line":24,"column":269}}},"2":{"name":"_interopRequireDefault","decl":{"start":{"line":26,"column":9},"end":{"line":26,"column":0}},"loc":{"start":{"line":26,"column":37},"end":{"line":26,"column":95}}},"3":{"name":"Stream","decl":{"start":{"line":34,"column":9},"end":{"line":34,"column":0}},"loc":{"start":{"line":34,"column":42},"end":{"line":68,"column":1}}},"4":{"name":"attach","decl":{"start":{"line":43,"column":11},"end":{"line":43,"column":2}},"loc":{"start":{"line":43,"column":25},"end":{"line":60,"column":3}}},"5":{"name":"detach","decl":{"start":{"line":54,"column":13},"end":{"line":54,"column":4}},"loc":{"start":{"line":54,"column":22},"end":{"line":58,"column":5}}}},"branchMap":{"1":{"loc":{"start":{"line":24,"column":40},"end":{"line":24,"column":267}},"type":"if","locations":[{"start":{"line":24,"column":40},"end":{"line":24,"column":267}},{"start":{"line":24,"column":40},"end":{"line":24,"column":267}}]},"2":{"loc":{"start":{"line":24,"column":44},"end":{"line":24,"column":50}},"type":"binary-expr","locations":[{"start":{"line":24,"column":44},"end":{"line":24,"column":50}},{"start":{"line":24,"column":51},"end":{"line":24,"column":40}}]},"3":{"loc":{"start":{"line":24,"column":107},"end":{"line":24,"column":229}},"type":"if","locations":[{"start":{"line":24,"column":107},"end":{"line":24,"column":229}},{"start":{"line":24,"column":107},"end":{"line":24,"column":229}}]},"4":{"loc":{"start":{"line":24,"column":149},"end":{"line":24,"column":201}},"type":"if","locations":[{"start":{"line":24,"column":149},"end":{"line":24,"column":201}},{"start":{"line":24,"column":149},"end":{"line":24,"column":201}}]},"5":{"loc":{"start":{"line":26,"column":70},"end":{"line":26,"column":46}},"type":"cond-expr","locations":[{"start":{"line":26,"column":70},"end":{"line":26,"column":46}},{"start":{"line":26,"column":76},"end":{"line":26,"column":39}}]},"6":{"loc":{"start":{"line":26,"column":46},"end":{"line":26,"column":52}},"type":"binary-expr","locations":[{"start":{"line":26,"column":46},"end":{"line":26,"column":52}},{"start":{"line":26,"column":53},"end":{"line":26,"column":46}}]},"7":{"loc":{"start":{"line":35,"column":76},"end":{"line":35,"column":22}},"type":"cond-expr","locations":[{"start":{"line":35,"column":76},"end":{"line":35,"column":22}},{"start":{"line":35,"column":81},"end":{"line":35,"column":2}}]},"8":{"loc":{"start":{"line":35,"column":22},"end":{"line":35,"column":21}},"type":"binary-expr","locations":[{"start":{"line":35,"column":22},"end":{"line":35,"column":21}},{"start":{"line":35,"column":47},"end":{"line":35,"column":22}}]}},"s":{"1":1,"2":1,"3":1,"4":1,"5":1,"6":1,"7":1,"8":1,"9":1,"10":1,"11":1,"12":1,"13":0,"14":0,"15":0,"16":0,"17":0,"18":0,"19":0,"20":3,"21":1,"22":2,"23":2,"24":0,"25":0,"26":0,"27":0,"28":0,"29":0,"30":0,"31":0,"32":0,"33":0,"34":0,"35":0,"36":0,"37":0,"38":0,"39":0},"f":{"1":1,"2":3,"3":2,"4":0,"5":0},"b":{"1":[1,0],"2":[1,1],"3":[0,0],"4":[0,0],"5":[2,1],"6":[3,3],"7":[2,0],"8":[2,0]}},"C:/Users/cchamberlain/noderaider/react-redux-stream/packages/react-redux-stream/lib/utils/createPropStream.js":{"path":"C:/Users/cchamberlain/noderaider/react-redux-stream/packages/react-redux-stream/lib/utils/createPropStream.js","statementMap":{"1":{"start":{"line":3,"column":0},"end":{"line":null,"column":-1}},"2":{"start":{"line":7,"column":15},"end":{"line":7,"column":0}},"3":{"start":{"line":7,"column":52},"end":{"line":7,"column":240}},"4":{"start":{"line":7,"column":110},"end":{"line":7,"column":97}},"5":{"start":{"line":7,"column":124},"end":{"line":7,"column":237}},"6":{"start":{"line":7,"column":150},"end":{"line":7,"column":235}},"7":{"start":{"line":7,"column":207},"end":{"line":null,"column":-1}},"8":{"start":{"line":7,"column":240},"end":{"line":null,"column":-1}},"9":{"start":{"line":9,"column":0},"end":{"line":null,"column":-1}},"10":{"start":{"line":11,"column":20},"end":{"line":11,"column":0}},"11":{"start":{"line":13,"column":21},"end":{"line":13,"column":0}},"12":{"start":{"line":15,"column":14},"end":{"line":15,"column":0}},"13":{"start":{"line":17,"column":13},"end":{"line":17,"column":0}},"14":{"start":{"line":19,"column":15},"end":{"line":19,"column":0}},"15":{"start":{"line":21,"column":14},"end":{"line":21,"column":0}},"16":{"start":{"line":23,"column":17},"end":{"line":23,"column":0}},"17":{"start":{"line":25,"column":18},"end":{"line":25,"column":0}},"18":{"start":{"line":27,"column":40},"end":{"line":27,"column":267}},"19":{"start":{"line":27,"column":69},"end":{"line":null,"column":-1}},"20":{"start":{"line":27,"column":103},"end":{"line":27,"column":90}},"21":{"start":{"line":27,"column":107},"end":{"line":27,"column":229}},"22":{"start":{"line":27,"column":126},"end":{"line":27,"column":226}},"23":{"start":{"line":27,"column":149},"end":{"line":27,"column":201}},"24":{"start":{"line":27,"column":201},"end":{"line":null,"column":-1}},"25":{"start":{"line":27,"column":229},"end":{"line":27,"column":251}},"26":{"start":{"line":27,"column":251},"end":{"line":null,"column":-1}},"27":{"start":{"line":29,"column":39},"end":{"line":null,"column":-1}},"28":{"start":{"line":31,"column":13},"end":{"line":31,"column":0}},"29":{"start":{"line":40,"column":22},"end":{"line":40,"column":2}},"30":{"start":{"line":42,"column":15},"end":{"line":42,"column":2}},"31":{"start":{"line":43,"column":17},"end":{"line":43,"column":2}},"32":{"start":{"line":45,"column":18},"end":{"line":45,"column":2}},"33":{"start":{"line":47,"column":11},"end":{"line":47,"column":2}},"34":{"start":{"line":48,"column":14},"end":{"line":48,"column":2}},"35":{"start":{"line":49,"column":6},"end":{"line":null,"column":-1}},"36":{"start":{"line":53,"column":4},"end":{"line":null,"column":-1}},"37":{"start":{"line":54,"column":4},"end":{"line":null,"column":-1}},"38":{"start":{"line":55,"column":4},"end":{"line":null,"column":-1}},"39":{"start":{"line":59,"column":4},"end":{"line":61,"column":8}},"40":{"start":{"line":60,"column":6},"end":{"line":null,"column":-1}},"41":{"start":{"line":61,"column":8},"end":{"line":null,"column":-1}},"42":{"start":{"line":62,"column":4},"end":{"line":null,"column":-1}},"43":{"start":{"line":63,"column":4},"end":{"line":null,"column":-1}},"44":{"start":{"line":67,"column":4},"end":{"line":null,"column":-1}},"45":{"start":{"line":68,"column":4},"end":{"line":null,"column":-1}},"46":{"start":{"line":69,"column":4},"end":{"line":null,"column":-1}},"47":{"start":{"line":73,"column":4},"end":{"line":null,"column":-1}},"48":{"start":{"line":74,"column":4},"end":{"line":null,"column":-1}},"49":{"start":{"line":75,"column":4},"end":{"line":null,"column":-1}},"50":{"start":{"line":79,"column":23},"end":{"line":79,"column":4}},"51":{"start":{"line":81,"column":4},"end":{"line":81,"column":22}},"52":{"start":{"line":81,"column":22},"end":{"line":null,"column":-1}},"53":{"start":{"line":82,"column":4},"end":{"line":null,"column":-1}},"54":{"start":{"line":84,"column":8},"end":{"line":null,"column":-1}},"55":{"start":{"line":88,"column":4},"end":{"line":null,"column":-1}},"56":{"start":{"line":89,"column":4},"end":{"line":null,"column":-1}},"57":{"start":{"line":90,"column":4},"end":{"line":null,"column":-1}},"58":{"start":{"line":93,"column":2},"end":{"line":null,"column":-1}},"59":{"start":{"line":101,"column":6},"end":{"line":null,"column":-1}},"60":{"start":{"line":104,"column":6},"end":{"line":null,"column":-1}},"61":{"start":{"line":105,"column":6},"end":{"line":null,"column":-1}}},"fnMap":{"1":{"name":"(anonymous_2)","decl":{"start":{"line":7,"column":32},"end":{"line":7,"column":41}},"loc":{"start":{"line":7,"column":50},"end":{"line":7,"column":0}}},"2":{"name":"_interopRequireWildcard","decl":{"start":{"line":27,"column":9},"end":{"line":27,"column":0}},"loc":{"start":{"line":27,"column":38},"end":{"line":27,"column":269}}},"3":{"name":"_interopRequireDefault","decl":{"start":{"line":29,"column":9},"end":{"line":29,"column":0}},"loc":{"start":{"line":29,"column":37},"end":{"line":29,"column":95}}},"4":{"name":"createPropStream","decl":{"start":{"line":39,"column":9},"end":{"line":39,"column":0}},"loc":{"start":{"line":39,"column":37},"end":{"line":108,"column":1}}},"5":{"name":"set","decl":{"start":{"line":52,"column":11},"end":{"line":52,"column":2}},"loc":{"start":{"line":52,"column":22},"end":{"line":56,"column":3}}},"6":{"name":"listener","decl":{"start":{"line":58,"column":11},"end":{"line":58,"column":2}},"loc":{"start":{"line":58,"column":27},"end":{"line":64,"column":3}}},"7":{"name":"(anonymous_8)","decl":{"start":{"line":59,"column":23},"end":{"line":59,"column":32}},"loc":{"start":{"line":59,"column":36},"end":{"line":59,"column":8}}},"8":{"name":"listen","decl":{"start":{"line":66,"column":11},"end":{"line":66,"column":2}},"loc":{"start":{"line":66,"column":20},"end":{"line":70,"column":3}}},"9":{"name":"dispose","decl":{"start":{"line":72,"column":11},"end":{"line":72,"column":2}},"loc":{"start":{"line":72,"column":21},"end":{"line":76,"column":3}}},"10":{"name":"context","decl":{"start":{"line":78,"column":11},"end":{"line":78,"column":2}},"loc":{"start":{"line":78,"column":29},"end":{"line":91,"column":3}}},"11":{"name":"get","decl":{"start":{"line":83,"column":20},"end":{"line":83,"column":11}},"loc":{"start":{"line":83,"column":26},"end":{"line":85,"column":7}}}},"branchMap":{"1":{"loc":{"start":{"line":7,"column":15},"end":{"line":7,"column":31}},"type":"binary-expr","locations":[{"start":{"line":7,"column":15},"end":{"line":7,"column":31}},{"start":{"line":7,"column":32},"end":{"line":7,"column":0}}]},"2":{"loc":{"start":{"line":7,"column":150},"end":{"line":7,"column":235}},"type":"if","locations":[{"start":{"line":7,"column":150},"end":{"line":7,"column":235}},{"start":{"line":7,"column":150},"end":{"line":7,"column":235}}]},"3":{"loc":{"start":{"line":27,"column":40},"end":{"line":27,"column":267}},"type":"if","locations":[{"start":{"line":27,"column":40},"end":{"line":27,"column":267}},{"start":{"line":27,"column":40},"end":{"line":27,"column":267}}]},"4":{"loc":{"start":{"line":27,"column":44},"end":{"line":27,"column":50}},"type":"binary-expr","locations":[{"start":{"line":27,"column":44},"end":{"line":27,"column":50}},{"start":{"line":27,"column":51},"end":{"line":27,"column":40}}]},"5":{"loc":{"start":{"line":27,"column":107},"end":{"line":27,"column":229}},"type":"if","locations":[{"start":{"line":27,"column":107},"end":{"line":27,"column":229}},{"start":{"line":27,"column":107},"end":{"line":27,"column":229}}]},"6":{"loc":{"start":{"line":27,"column":149},"end":{"line":27,"column":201}},"type":"if","locations":[{"start":{"line":27,"column":149},"end":{"line":27,"column":201}},{"start":{"line":27,"column":149},"end":{"line":27,"column":201}}]},"7":{"loc":{"start":{"line":29,"column":70},"end":{"line":29,"column":46}},"type":"cond-expr","locations":[{"start":{"line":29,"column":70},"end":{"line":29,"column":46}},{"start":{"line":29,"column":76},"end":{"line":29,"column":39}}]},"8":{"loc":{"start":{"line":29,"column":46},"end":{"line":29,"column":52}},"type":"binary-expr","locations":[{"start":{"line":29,"column":46},"end":{"line":29,"column":52}},{"start":{"line":29,"column":53},"end":{"line":29,"column":46}}]},"9":{"loc":{"start":{"line":40,"column":76},"end":{"line":40,"column":22}},"type":"cond-expr","locations":[{"start":{"line":40,"column":76},"end":{"line":40,"column":22}},{"start":{"line":40,"column":81},"end":{"line":40,"column":2}}]},"10":{"loc":{"start":{"line":40,"column":22},"end":{"line":40,"column":21}},"type":"binary-expr","locations":[{"start":{"line":40,"column":22},"end":{"line":40,"column":21}},{"start":{"line":40,"column":47},"end":{"line":40,"column":22}}]},"11":{"loc":{"start":{"line":59,"column":4},"end":{"line":61,"column":8}},"type":"if","locations":[{"start":{"line":59,"column":4},"end":{"line":61,"column":8}},{"start":{"line":59,"column":4},"end":{"line":61,"column":8}}]},"12":{"loc":{"start":{"line":60,"column":13},"end":{"line":60,"column":12}},"type":"binary-expr","locations":[{"start":{"line":60,"column":13},"end":{"line":60,"column":12}},{"start":{"line":60,"column":41},"end":{"line":60,"column":6}}]},"13":{"loc":{"start":{"line":79,"column":77},"end":{"line":79,"column":23}},"type":"cond-expr","locations":[{"start":{"line":79,"column":77},"end":{"line":79,"column":23}},{"start":{"line":79,"column":85},"end":{"line":79,"column":4}}]},"14":{"loc":{"start":{"line":79,"column":23},"end":{"line":79,"column":22}},"type":"binary-expr","locations":[{"start":{"line":79,"column":23},"end":{"line":79,"column":22}},{"start":{"line":79,"column":48},"end":{"line":79,"column":23}}]},"15":{"loc":{"start":{"line":81,"column":4},"end":{"line":81,"column":22}},"type":"if","locations":[{"start":{"line":81,"column":4},"end":{"line":81,"column":22}},{"start":{"line":81,"column":4},"end":{"line":81,"column":22}}]}},"s":{"1":1,"2":1,"3":0,"4":0,"5":0,"6":0,"7":0,"8":0,"9":1,"10":1,"11":1,"12":1,"13":1,"14":1,"15":1,"16":1,"17":1,"18":2,"19":2,"20":0,"21":0,"22":0,"23":0,"24":0,"25":0,"26":0,"27":2,"28":1,"29":0,"30":0,"31":0,"32":0,"33":0,"34":0,"35":0,"36":0,"37":0,"38":0,"39":0,"40":0,"41":0,"42":0,"43":0,"44":0,"45":0,"46":0,"47":0,"48":0,"49":0,"50":0,"51":0,"52":0,"53":0,"54":0,"55":0,"56":0,"57":0,"58":0,"59":0,"60":0,"61":0},"f":{"1":0,"2":2,"3":2,"4":0,"5":0,"6":0,"7":0,"8":0,"9":0,"10":0,"11":0},"b":{"1":[1,0],"2":[0,0],"3":[2,0],"4":[2,2],"5":[0,0],"6":[0,0],"7":[1,1],"8":[2,2],"9":[0,0],"10":[0,0],"11":[0,0],"12":[0,0],"13":[0,0],"14":[0,0],"15":[0,0]}},"C:/Users/cchamberlain/noderaider/react-redux-stream/packages/react-redux-stream/lib/utils/define.js":{"path":"C:/Users/cchamberlain/noderaider/react-redux-stream/packages/react-redux-stream/lib/utils/define.js","statementMap":{"1":{"start":{"line":3,"column":0},"end":{"line":null,"column":-1}},"2":{"start":{"line":7,"column":14},"end":{"line":7,"column":0}},"3":{"start":{"line":7,"column":101},"end":{"line":null,"column":-1}},"4":{"start":{"line":7,"column":141},"end":{"line":null,"column":-1}},"5":{"start":{"line":9,"column":21},"end":{"line":9,"column":0}},"6":{"start":{"line":9,"column":79},"end":{"line":9,"column":68}},"7":{"start":{"line":9,"column":92},"end":{"line":9,"column":83}},"8":{"start":{"line":9,"column":107},"end":{"line":9,"column":98}},"9":{"start":{"line":9,"column":123},"end":{"line":9,"column":114}},"10":{"start":{"line":9,"column":134},"end":{"line":9,"column":414}},"11":{"start":{"line":9,"column":140},"end":{"line":9,"column":283}},"12":{"start":{"line":9,"column":226},"end":{"line":9,"column":247}},"13":{"start":{"line":9,"column":247},"end":{"line":9,"column":275}},"14":{"start":{"line":9,"column":275},"end":{"line":null,"column":-1}},"15":{"start":{"line":9,"column":300},"end":{"line":9,"column":311}},"16":{"start":{"line":9,"column":311},"end":{"line":null,"column":-1}},"17":{"start":{"line":9,"column":333},"end":{"line":9,"column":411}},"18":{"start":{"line":9,"column":339},"end":{"line":9,"column":364}},"19":{"start":{"line":9,"column":364},"end":{"line":null,"column":-1}},"20":{"start":{"line":9,"column":392},"end":{"line":9,"column":400}},"21":{"start":{"line":9,"column":400},"end":{"line":null,"column":-1}},"22":{"start":{"line":9,"column":414},"end":{"line":null,"column":-1}},"23":{"start":{"line":9,"column":429},"end":{"line":null,"column":-1}},"24":{"start":{"line":9,"column":456},"end":{"line":9,"column":656}},"25":{"start":{"line":9,"column":482},"end":{"line":null,"column":-1}},"26":{"start":{"line":9,"column":501},"end":{"line":9,"column":656}},"27":{"start":{"line":9,"column":539},"end":{"line":null,"column":-1}},"28":{"start":{"line":9,"column":578},"end":{"line":null,"column":-1}},"29":{"start":{"line":11,"column":15},"end":{"line":11,"column":0}},"30":{"start":{"line":11,"column":52},"end":{"line":11,"column":240}},"31":{"start":{"line":11,"column":110},"end":{"line":11,"column":97}},"32":{"start":{"line":11,"column":124},"end":{"line":11,"column":237}},"33":{"start":{"line":11,"column":150},"end":{"line":11,"column":235}},"34":{"start":{"line":11,"column":207},"end":{"line":null,"column":-1}},"35":{"start":{"line":11,"column":240},"end":{"line":null,"column":-1}},"36":{"start":{"line":13,"column":0},"end":{"line":null,"column":-1}},"37":{"start":{"line":14,"column":0},"end":{"line":null,"column":-1}},"38":{"start":{"line":15,"column":23},"end":{"line":15,"column":0}},"39":{"start":{"line":22,"column":14},"end":{"line":22,"column":2}},"40":{"start":{"line":24,"column":15},"end":{"line":24,"column":2}},"41":{"start":{"line":25,"column":2},"end":{"line":25,"column":44}},"42":{"start":{"line":25,"column":44},"end":{"line":null,"column":-1}},"43":{"start":{"line":26,"column":2},"end":{"line":null,"column":-1}},"44":{"start":{"line":31,"column":14},"end":{"line":31,"column":2}},"45":{"start":{"line":33,"column":2},"end":{"line":null,"column":-1}},"46":{"start":{"line":34,"column":16},"end":{"line":34,"column":4}},"47":{"start":{"line":36,"column":20},"end":{"line":36,"column":4}},"48":{"start":{"line":37,"column":16},"end":{"line":37,"column":4}},"49":{"start":{"line":39,"column":17},"end":{"line":39,"column":4}},"50":{"start":{"line":40,"column":4},"end":{"line":40,"column":33}},"51":{"start":{"line":40,"column":33},"end":{"line":null,"column":-1}},"52":{"start":{"line":41,"column":4},"end":{"line":null,"column":-1}}},"fnMap":{"1":{"name":"(anonymous_2)","decl":{"start":{"line":7,"column":84},"end":{"line":7,"column":93}},"loc":{"start":{"line":7,"column":99},"end":{"line":7,"column":14}}},"2":{"name":"(anonymous_3)","decl":{"start":{"line":7,"column":124},"end":{"line":7,"column":133}},"loc":{"start":{"line":7,"column":139},"end":{"line":7,"column":0}}},"3":{"name":"(anonymous_4)","decl":{"start":{"line":9,"column":21},"end":{"line":9,"column":32}},"loc":{"start":{"line":9,"column":33},"end":{"line":9,"column":21}}},"4":{"name":"sliceIterator","decl":{"start":{"line":9,"column":44},"end":{"line":9,"column":35}},"loc":{"start":{"line":9,"column":66},"end":{"line":9,"column":429}}},"5":{"name":"(anonymous_6)","decl":{"start":{"line":9,"column":436},"end":{"line":9,"column":445}},"loc":{"start":{"line":9,"column":454},"end":{"line":9,"column":429}}},"6":{"name":"(anonymous_7)","decl":{"start":{"line":11,"column":32},"end":{"line":11,"column":41}},"loc":{"start":{"line":11,"column":50},"end":{"line":11,"column":0}}},"7":{"name":"strictProperty","decl":{"start":{"line":21,"column":9},"end":{"line":21,"column":0}},"loc":{"start":{"line":21,"column":57},"end":{"line":27,"column":1}}},"8":{"name":"symbolProperties","decl":{"start":{"line":30,"column":9},"end":{"line":30,"column":0}},"loc":{"start":{"line":30,"column":43},"end":{"line":43,"column":1}}},"9":{"name":"(anonymous_10)","decl":{"start":{"line":33,"column":40},"end":{"line":33,"column":49}},"loc":{"start":{"line":33,"column":65},"end":{"line":33,"column":9}}}},"branchMap":{"1":{"loc":{"start":{"line":7,"column":84},"end":{"line":7,"column":14}},"type":"cond-expr","locations":[{"start":{"line":7,"column":84},"end":{"line":7,"column":14}},{"start":{"line":7,"column":124},"end":{"line":7,"column":0}}]},"2":{"loc":{"start":{"line":7,"column":14},"end":{"line":7,"column":13}},"type":"binary-expr","locations":[{"start":{"line":7,"column":14},"end":{"line":7,"column":13}},{"start":{"line":7,"column":46},"end":{"line":7,"column":14}}]},"3":{"loc":{"start":{"line":7,"column":101},"end":{"line":7,"column":114}},"type":"cond-expr","locations":[{"start":{"line":7,"column":101},"end":{"line":7,"column":114}},{"start":{"line":7,"column":101},"end":{"line":null,"column":-1}}]},"4":{"loc":{"start":{"line":7,"column":216},"end":{"line":7,"column":148}},"type":"cond-expr","locations":[{"start":{"line":7,"column":216},"end":{"line":7,"column":148}},{"start":{"line":7,"column":148},"end":{"line":7,"column":141}}]},"5":{"loc":{"start":{"line":7,"column":148},"end":{"line":7,"column":154}},"type":"binary-expr","locations":[{"start":{"line":7,"column":148},"end":{"line":7,"column":154}},{"start":{"line":7,"column":155},"end":{"line":7,"column":148}},{"start":{"line":7,"column":187},"end":{"line":7,"column":148}}]},"6":{"loc":{"start":{"line":7,"column":148},"end":{"line":7,"column":233}},"type":"cond-expr","locations":[{"start":{"line":7,"column":148},"end":{"line":7,"column":233}},{"start":{"line":7,"column":148},"end":{"line":7,"column":141}}]},"7":{"loc":{"start":{"line":9,"column":247},"end":{"line":9,"column":275}},"type":"if","locations":[{"start":{"line":9,"column":247},"end":{"line":9,"column":275}},{"start":{"line":9,"column":247},"end":{"line":9,"column":275}}]},"8":{"loc":{"start":{"line":9,"column":251},"end":{"line":9,"column":255}},"type":"binary-expr","locations":[{"start":{"line":9,"column":251},"end":{"line":9,"column":255}},{"start":{"line":9,"column":256},"end":{"line":9,"column":247}}]},"9":{"loc":{"start":{"line":9,"column":339},"end":{"line":9,"column":364}},"type":"if","locations":[{"start":{"line":9,"column":339},"end":{"line":9,"column":364}},{"start":{"line":9,"column":339},"end":{"line":9,"column":364}}]},"10":{"loc":{"start":{"line":9,"column":343},"end":{"line":9,"column":342}},"type":"binary-expr","locations":[{"start":{"line":9,"column":343},"end":{"line":9,"column":342}},{"start":{"line":9,"column":350},"end":{"line":9,"column":339}}]},"11":{"loc":{"start":{"line":9,"column":392},"end":{"line":9,"column":400}},"type":"if","locations":[{"start":{"line":9,"column":392},"end":{"line":9,"column":400}},{"start":{"line":9,"column":392},"end":{"line":9,"column":400}}]},"12":{"loc":{"start":{"line":9,"column":456},"end":{"line":9,"column":656}},"type":"if","locations":[{"start":{"line":9,"column":456},"end":{"line":9,"column":656}},{"start":{"line":9,"column":456},"end":{"line":9,"column":656}}]},"13":{"loc":{"start":{"line":9,"column":501},"end":{"line":9,"column":656}},"type":"if","locations":[{"start":{"line":9,"column":501},"end":{"line":9,"column":656}},{"start":{"line":9,"column":501},"end":{"line":9,"column":656}}]},"14":{"loc":{"start":{"line":11,"column":15},"end":{"line":11,"column":31}},"type":"binary-expr","locations":[{"start":{"line":11,"column":15},"end":{"line":11,"column":31}},{"start":{"line":11,"column":32},"end":{"line":11,"column":0}}]},"15":{"loc":{"start":{"line":11,"column":150},"end":{"line":11,"column":235}},"type":"if","locations":[{"start":{"line":11,"column":150},"end":{"line":11,"column":235}},{"start":{"line":11,"column":150},"end":{"line":11,"column":235}}]},"16":{"loc":{"start":{"line":22,"column":68},"end":{"line":22,"column":14}},"type":"cond-expr","locations":[{"start":{"line":22,"column":68},"end":{"line":22,"column":14}},{"start":{"line":22,"column":73},"end":{"line":22,"column":2}}]},"17":{"loc":{"start":{"line":22,"column":14},"end":{"line":22,"column":13}},"type":"binary-expr","locations":[{"start":{"line":22,"column":14},"end":{"line":22,"column":13}},{"start":{"line":22,"column":39},"end":{"line":22,"column":14}}]},"18":{"loc":{"start":{"line":25,"column":2},"end":{"line":25,"column":44}},"type":"if","locations":[{"start":{"line":25,"column":2},"end":{"line":25,"column":44}},{"start":{"line":25,"column":2},"end":{"line":25,"column":44}}]},"19":{"loc":{"start":{"line":25,"column":6},"end":{"line":25,"column":5}},"type":"binary-expr","locations":[{"start":{"line":25,"column":6},"end":{"line":25,"column":5}},{"start":{"line":25,"column":20},"end":{"line":25,"column":2}}]},"20":{"loc":{"start":{"line":31,"column":68},"end":{"line":31,"column":14}},"type":"cond-expr","locations":[{"start":{"line":31,"column":68},"end":{"line":31,"column":14}},{"start":{"line":31,"column":73},"end":{"line":31,"column":2}}]},"21":{"loc":{"start":{"line":31,"column":14},"end":{"line":31,"column":13}},"type":"binary-expr","locations":[{"start":{"line":31,"column":14},"end":{"line":31,"column":13}},{"start":{"line":31,"column":39},"end":{"line":31,"column":14}}]},"22":{"loc":{"start":{"line":40,"column":4},"end":{"line":40,"column":33}},"type":"if","locations":[{"start":{"line":40,"column":4},"end":{"line":40,"column":33}},{"start":{"line":40,"column":4},"end":{"line":40,"column":33}}]},"23":{"loc":{"start":{"line":40,"column":8},"end":{"line":40,"column":7}},"type":"binary-expr","locations":[{"start":{"line":40,"column":8},"end":{"line":40,"column":7}},{"start":{"line":40,"column":24},"end":{"line":40,"column":4}}]},"24":{"loc":{"start":{"line":40,"column":141},"end":{"line":40,"column":108}},"type":"cond-expr","locations":[{"start":{"line":40,"column":141},"end":{"line":40,"column":108}},{"start":{"line":40,"column":155},"end":{"line":40,"column":53}}]}},"s":{"1":1,"2":1,"3":0,"4":0,"5":1,"6":0,"7":0,"8":0,"9":0,"10":0,"11":0,"12":0,"13":0,"14":0,"15":0,"16":0,"17":0,"18":0,"19":0,"20":0,"21":0,"22":0,"23":1,"24":0,"25":0,"26":0,"27":0,"28":0,"29":1,"30":0,"31":0,"32":0,"33":0,"34":0,"35":0,"36":1,"37":1,"38":1,"39":0,"40":0,"41":0,"42":0,"43":0,"44":0,"45":0,"46":0,"47":0,"48":0,"49":0,"50":0,"51":0,"52":0},"f":{"1":0,"2":0,"3":1,"4":0,"5":0,"6":0,"7":0,"8":0,"9":0},"b":{"1":[1,0],"2":[1,1],"3":[0,0],"4":[0,0],"5":[0,0,0],"6":[0,0],"7":[0,0],"8":[0,0],"9":[0,0],"10":[0,0],"11":[0,0],"12":[0,0],"13":[0,0],"14":[1,0],"15":[0,0],"16":[0,0],"17":[0,0],"18":[0,0],"19":[0,0],"20":[0,0],"21":[0,0],"22":[0,0],"23":[0,0],"24":[0,0]}},"C:/Users/cchamberlain/noderaider/react-redux-stream/packages/react-redux-stream/lib/utils/symbols.js":{"path":"C:/Users/cchamberlain/noderaider/react-redux-stream/packages/react-redux-stream/lib/utils/symbols.js","statementMap":{"1":{"start":{"line":3,"column":0},"end":{"line":null,"column":-1}},"2":{"start":{"line":6,"column":11},"end":{"line":6,"column":0}},"3":{"start":{"line":7,"column":15},"end":{"line":7,"column":0}},"4":{"start":{"line":8,"column":18},"end":{"line":8,"column":0}},"5":{"start":{"line":9,"column":19},"end":{"line":9,"column":0}},"6":{"start":{"line":10,"column":19},"end":{"line":10,"column":0}},"7":{"start":{"line":11,"column":14},"end":{"line":11,"column":0}},"8":{"start":{"line":13,"column":10},"end":{"line":13,"column":0}},"9":{"start":{"line":14,"column":11},"end":{"line":14,"column":0}}},"fnMap":{},"branchMap":{},"s":{"1":1,"2":1,"3":1,"4":1,"5":1,"6":1,"7":1,"8":1,"9":1},"f":{},"b":{}},"C:/Users/cchamberlain/noderaider/react-redux-stream/packages/react-redux-stream/lib/utils/metatypes.js":{"path":"C:/Users/cchamberlain/noderaider/react-redux-stream/packages/react-redux-stream/lib/utils/metatypes.js","statementMap":{"1":{"start":{"line":3,"column":0},"end":{"line":null,"column":-1}},"2":{"start":{"line":6,"column":0},"end":{"line":null,"column":-1}},"3":{"start":{"line":8,"column":15},"end":{"line":8,"column":0}},"4":{"start":{"line":8,"column":52},"end":{"line":8,"column":240}},"5":{"start":{"line":8,"column":110},"end":{"line":8,"column":97}},"6":{"start":{"line":8,"column":124},"end":{"line":8,"column":237}},"7":{"start":{"line":8,"column":150},"end":{"line":8,"column":235}},"8":{"start":{"line":8,"column":207},"end":{"line":null,"column":-1}},"9":{"start":{"line":8,"column":240},"end":{"line":null,"column":-1}},"10":{"start":{"line":10,"column":21},"end":{"line":10,"column":0}},"11":{"start":{"line":10,"column":79},"end":{"line":10,"column":68}},"12":{"start":{"line":10,"column":92},"end":{"line":10,"column":83}},"13":{"start":{"line":10,"column":107},"end":{"line":10,"column":98}},"14":{"start":{"line":10,"column":123},"end":{"line":10,"column":114}},"15":{"start":{"line":10,"column":134},"end":{"line":10,"column":414}},"16":{"start":{"line":10,"column":140},"end":{"line":10,"column":283}},"17":{"start":{"line":10,"column":226},"end":{"line":10,"column":247}},"18":{"start":{"line":10,"column":247},"end":{"line":10,"column":275}},"19":{"start":{"line":10,"column":275},"end":{"line":null,"column":-1}},"20":{"start":{"line":10,"column":300},"end":{"line":10,"column":311}},"21":{"start":{"line":10,"column":311},"end":{"line":null,"column":-1}},"22":{"start":{"line":10,"column":333},"end":{"line":10,"column":411}},"23":{"start":{"line":10,"column":339},"end":{"line":10,"column":364}},"24":{"start":{"line":10,"column":364},"end":{"line":null,"column":-1}},"25":{"start":{"line":10,"column":392},"end":{"line":10,"column":400}},"26":{"start":{"line":10,"column":400},"end":{"line":null,"column":-1}},"27":{"start":{"line":10,"column":414},"end":{"line":null,"column":-1}},"28":{"start":{"line":10,"column":429},"end":{"line":null,"column":-1}},"29":{"start":{"line":10,"column":456},"end":{"line":10,"column":656}},"30":{"start":{"line":10,"column":482},"end":{"line":null,"column":-1}},"31":{"start":{"line":10,"column":501},"end":{"line":10,"column":656}},"32":{"start":{"line":10,"column":539},"end":{"line":null,"column":-1}},"33":{"start":{"line":10,"column":578},"end":{"line":null,"column":-1}},"34":{"start":{"line":12,"column":15},"end":{"line":12,"column":0}},"35":{"start":{"line":14,"column":14},"end":{"line":14,"column":0}},"36":{"start":{"line":16,"column":14},"end":{"line":16,"column":0}},"37":{"start":{"line":18,"column":13},"end":{"line":18,"column":0}},"38":{"start":{"line":20,"column":40},"end":{"line":20,"column":267}},"39":{"start":{"line":20,"column":69},"end":{"line":null,"column":-1}},"40":{"start":{"line":20,"column":103},"end":{"line":20,"column":90}},"41":{"start":{"line":20,"column":107},"end":{"line":20,"column":229}},"42":{"start":{"line":20,"column":126},"end":{"line":20,"column":226}},"43":{"start":{"line":20,"column":149},"end":{"line":20,"column":201}},"44":{"start":{"line":20,"column":201},"end":{"line":null,"column":-1}},"45":{"start":{"line":20,"column":229},"end":{"line":20,"column":251}},"46":{"start":{"line":20,"column":251},"end":{"line":null,"column":-1}},"47":{"start":{"line":22,"column":44},"end":{"line":22,"column":196}},"48":{"start":{"line":22,"column":62},"end":{"line":null,"column":-1}},"49":{"start":{"line":22,"column":176},"end":{"line":null,"column":-1}},"50":{"start":{"line":22,"column":196},"end":{"line":null,"column":-1}},"51":{"start":{"line":24,"column":11},"end":{"line":24,"column":0}},"52":{"start":{"line":26,"column":21},"end":{"line":26,"column":0}},"53":{"start":{"line":34,"column":20},"end":{"line":34,"column":0}},"54":{"start":{"line":36,"column":14},"end":{"line":36,"column":0}},"55":{"start":{"line":37,"column":2},"end":{"line":null,"column":-1}},"56":{"start":{"line":38,"column":16},"end":{"line":38,"column":4}},"57":{"start":{"line":40,"column":15},"end":{"line":40,"column":4}},"58":{"start":{"line":41,"column":17},"end":{"line":41,"column":4}},"59":{"start":{"line":43,"column":16},"end":{"line":43,"column":4}},"60":{"start":{"line":44,"column":4},"end":{"line":44,"column":38}},"61":{"start":{"line":44,"column":38},"end":{"line":null,"column":-1}},"62":{"start":{"line":45,"column":4},"end":{"line":null,"column":-1}},"63":{"start":{"line":48,"column":14},"end":{"line":48,"column":2}},"64":{"start":{"line":50,"column":13},"end":{"line":50,"column":2}},"65":{"start":{"line":51,"column":15},"end":{"line":51,"column":2}},"66":{"start":{"line":52,"column":2},"end":{"line":null,"column":-1}},"67":{"start":{"line":53,"column":4},"end":{"line":null,"column":-1}},"68":{"start":{"line":61,"column":2},"end":{"line":63,"column":3}},"69":{"start":{"line":62,"column":4},"end":{"line":null,"column":-1}},"70":{"start":{"line":65,"column":25},"end":{"line":65,"column":2}},"71":{"start":{"line":66,"column":17},"end":{"line":66,"column":2}},"72":{"start":{"line":67,"column":15},"end":{"line":67,"column":2}},"73":{"start":{"line":68,"column":16},"end":{"line":68,"column":2}},"74":{"start":{"line":70,"column":20},"end":{"line":70,"column":6}},"75":{"start":{"line":72,"column":19},"end":{"line":72,"column":2}},"76":{"start":{"line":74,"column":14},"end":{"line":74,"column":2}},"77":{"start":{"line":75,"column":6},"end":{"line":null,"column":-1}},"78":{"start":{"line":79,"column":20},"end":{"line":79,"column":2}},"79":{"start":{"line":80,"column":4},"end":{"line":null,"column":-1}},"80":{"start":{"line":82,"column":10},"end":{"line":null,"column":-1}},"81":{"start":{"line":85,"column":8},"end":{"line":null,"column":-1}},"82":{"start":{"line":86,"column":10},"end":{"line":null,"column":-1}},"83":{"start":{"line":89,"column":8},"end":{"line":null,"column":-1}},"84":{"start":{"line":91,"column":8},"end":{"line":93,"column":9}},"85":{"start":{"line":92,"column":10},"end":{"line":null,"column":-1}},"86":{"start":{"line":95,"column":8},"end":{"line":null,"column":-1}},"87":{"start":{"line":96,"column":10},"end":{"line":null,"column":-1}},"88":{"start":{"line":100,"column":8},"end":{"line":102,"column":9}},"89":{"start":{"line":101,"column":10},"end":{"line":null,"column":-1}},"90":{"start":{"line":104,"column":8},"end":{"line":null,"column":-1}},"91":{"start":{"line":105,"column":10},"end":{"line":null,"column":-1}},"92":{"start":{"line":111,"column":11},"end":{"line":111,"column":2}},"93":{"start":{"line":112,"column":6},"end":{"line":null,"column":-1}},"94":{"start":{"line":115,"column":6},"end":{"line":null,"column":-1}},"95":{"start":{"line":119,"column":8},"end":{"line":null,"column":-1}},"96":{"start":{"line":122,"column":6},"end":{"line":null,"column":-1}},"97":{"start":{"line":123,"column":8},"end":{"line":null,"column":-1}},"98":{"start":{"line":126,"column":6},"end":{"line":null,"column":-1}},"99":{"start":{"line":128,"column":6},"end":{"line":null,"column":-1}},"100":{"start":{"line":131,"column":6},"end":{"line":null,"column":-1}},"101":{"start":{"line":135,"column":12},"end":{"line":135,"column":2}},"102":{"start":{"line":139,"column":14},"end":{"line":139,"column":2}},"103":{"start":{"line":146,"column":6},"end":{"line":null,"column":-1}},"104":{"start":{"line":150,"column":17},"end":{"line":150,"column":2}},"105":{"start":{"line":151,"column":4},"end":{"line":153,"column":5}},"106":{"start":{"line":152,"column":6},"end":{"line":null,"column":-1}},"107":{"start":{"line":155,"column":4},"end":{"line":null,"column":-1}},"108":{"start":{"line":157,"column":6},"end":{"line":null,"column":-1}},"109":{"start":{"line":161,"column":2},"end":{"line":null,"column":-1}},"110":{"start":{"line":163,"column":0},"end":{"line":null,"column":-1}}},"fnMap":{"1":{"name":"(anonymous_2)","decl":{"start":{"line":8,"column":32},"end":{"line":8,"column":41}},"loc":{"start":{"line":8,"column":50},"end":{"line":8,"column":0}}},"2":{"name":"(anonymous_3)","decl":{"start":{"line":10,"column":21},"end":{"line":10,"column":32}},"loc":{"start":{"line":10,"column":33},"end":{"line":10,"column":21}}},"3":{"name":"sliceIterator","decl":{"start":{"line":10,"column":44},"end":{"line":10,"column":35}},"loc":{"start":{"line":10,"column":66},"end":{"line":10,"column":429}}},"4":{"name":"(anonymous_5)","decl":{"start":{"line":10,"column":436},"end":{"line":10,"column":445}},"loc":{"start":{"line":10,"column":454},"end":{"line":10,"column":429}}},"5":{"name":"_interopRequireWildcard","decl":{"start":{"line":20,"column":9},"end":{"line":20,"column":0}},"loc":{"start":{"line":20,"column":38},"end":{"line":20,"column":269}}},"6":{"name":"_defineProperty","decl":{"start":{"line":22,"column":9},"end":{"line":22,"column":0}},"loc":{"start":{"line":22,"column":42},"end":{"line":22,"column":209}}},"7":{"name":"noop","decl":{"start":{"line":24,"column":20},"end":{"line":24,"column":11}},"loc":{"start":{"line":24,"column":27},"end":{"line":24,"column":0}}},"8":{"name":"(anonymous_9)","decl":{"start":{"line":36,"column":60},"end":{"line":36,"column":69}},"loc":{"start":{"line":36,"column":73},"end":{"line":36,"column":46}}},"9":{"name":"(anonymous_10)","decl":{"start":{"line":37,"column":30},"end":{"line":37,"column":39}},"loc":{"start":{"line":37,"column":57},"end":{"line":37,"column":9}}},"10":{"name":"(anonymous_11)","decl":{"start":{"line":47,"column":24},"end":{"line":47,"column":33}},"loc":{"start":{"line":47,"column":52},"end":{"line":47,"column":3}}},"11":{"name":"(anonymous_12)","decl":{"start":{"line":52,"column":59},"end":{"line":52,"column":68}},"loc":{"start":{"line":52,"column":72},"end":{"line":52,"column":33}}},"12":{"name":"metaTypes","decl":{"start":{"line":58,"column":9},"end":{"line":58,"column":0}},"loc":{"start":{"line":58,"column":33},"end":{"line":162,"column":1}}},"13":{"name":"iterableHas","decl":{"start":{"line":79,"column":29},"end":{"line":79,"column":20}},"loc":{"start":{"line":79,"column":51},"end":{"line":79,"column":2}}},"14":{"name":"(anonymous_15)","decl":{"start":{"line":80,"column":27},"end":{"line":80,"column":36}},"loc":{"start":{"line":80,"column":52},"end":{"line":80,"column":27}}},"15":{"name":"genericTypes","decl":{"start":{"line":81,"column":17},"end":{"line":81,"column":8}},"loc":{"start":{"line":81,"column":32},"end":{"line":83,"column":9}}},"16":{"name":"(anonymous_17)","decl":{"start":{"line":85,"column":32},"end":{"line":85,"column":43}},"loc":{"start":{"line":85,"column":44},"end":{"line":85,"column":8}}},"17":{"name":"(anonymous_18)","decl":{"start":{"line":90,"column":8},"end":{"line":90,"column":19}},"loc":{"start":{"line":90,"column":20},"end":{"line":80,"column":27}}},"18":{"name":"(anonymous_19)","decl":{"start":{"line":95,"column":27},"end":{"line":95,"column":36}},"loc":{"start":{"line":95,"column":40},"end":{"line":95,"column":15}}},"19":{"name":"genericTypeNames","decl":{"start":{"line":99,"column":33},"end":{"line":99,"column":24}},"loc":{"start":{"line":99,"column":52},"end":{"line":107,"column":7}}},"20":{"name":"(anonymous_21)","decl":{"start":{"line":104,"column":27},"end":{"line":104,"column":36}},"loc":{"start":{"line":104,"column":40},"end":{"line":104,"column":15}}},"21":{"name":"type","decl":{"start":{"line":111,"column":42},"end":{"line":111,"column":33}},"loc":{"start":{"line":111,"column":50},"end":{"line":111,"column":25}}},"22":{"name":"rootType","decl":{"start":{"line":114,"column":23},"end":{"line":114,"column":14}},"loc":{"start":{"line":114,"column":35},"end":{"line":111,"column":25}}},"23":{"name":"(anonymous_24)","decl":{"start":{"line":117,"column":17},"end":{"line":117,"column":26}},"loc":{"start":{"line":117,"column":41},"end":{"line":117,"column":17}}},"24":{"name":"genericType","decl":{"start":{"line":118,"column":15},"end":{"line":118,"column":6}},"loc":{"start":{"line":118,"column":31},"end":{"line":120,"column":7}}},"25":{"name":"(anonymous_26)","decl":{"start":{"line":122,"column":29},"end":{"line":122,"column":40}},"loc":{"start":{"line":122,"column":41},"end":{"line":122,"column":6}}},"26":{"name":"(anonymous_27)","decl":{"start":{"line":127,"column":6},"end":{"line":127,"column":15}},"loc":{"start":{"line":127,"column":19},"end":{"line":117,"column":17}}},"27":{"name":"genericTypeName","decl":{"start":{"line":130,"column":30},"end":{"line":130,"column":21}},"loc":{"start":{"line":130,"column":49},"end":{"line":132,"column":5}}},"28":{"name":"imbue","decl":{"start":{"line":145,"column":20},"end":{"line":145,"column":11}},"loc":{"start":{"line":145,"column":34},"end":{"line":147,"column":5}}},"29":{"name":"instance","decl":{"start":{"line":150,"column":26},"end":{"line":150,"column":17}},"loc":{"start":{"line":150,"column":37},"end":{"line":150,"column":2}}},"30":{"name":"(anonymous_31)","decl":{"start":{"line":156,"column":73},"end":{"line":156,"column":82}},"loc":{"start":{"line":156,"column":97},"end":{"line":156,"column":61}}}},"branchMap":{"1":{"loc":{"start":{"line":8,"column":15},"end":{"line":8,"column":31}},"type":"binary-expr","locations":[{"start":{"line":8,"column":15},"end":{"line":8,"column":31}},{"start":{"line":8,"column":32},"end":{"line":8,"column":0}}]},"2":{"loc":{"start":{"line":8,"column":150},"end":{"line":8,"column":235}},"type":"if","locations":[{"start":{"line":8,"column":150},"end":{"line":8,"column":235}},{"start":{"line":8,"column":150},"end":{"line":8,"column":235}}]},"3":{"loc":{"start":{"line":10,"column":247},"end":{"line":10,"column":275}},"type":"if","locations":[{"start":{"line":10,"column":247},"end":{"line":10,"column":275}},{"start":{"line":10,"column":247},"end":{"line":10,"column":275}}]},"4":{"loc":{"start":{"line":10,"column":251},"end":{"line":10,"column":255}},"type":"binary-expr","locations":[{"start":{"line":10,"column":251},"end":{"line":10,"column":255}},{"start":{"line":10,"column":256},"end":{"line":10,"column":247}}]},"5":{"loc":{"start":{"line":10,"column":339},"end":{"line":10,"column":364}},"type":"if","locations":[{"start":{"line":10,"column":339},"end":{"line":10,"column":364}},{"start":{"line":10,"column":339},"end":{"line":10,"column":364}}]},"6":{"loc":{"start":{"line":10,"column":343},"end":{"line":10,"column":342}},"type":"binary-expr","locations":[{"start":{"line":10,"column":343},"end":{"line":10,"column":342}},{"start":{"line":10,"column":350},"end":{"line":10,"column":339}}]},"7":{"loc":{"start":{"line":10,"column":392},"end":{"line":10,"column":400}},"type":"if","locations":[{"start":{"line":10,"column":392},"end":{"line":10,"column":400}},{"start":{"line":10,"column":392},"end":{"line":10,"column":400}}]},"8":{"loc":{"start":{"line":10,"column":456},"end":{"line":10,"column":656}},"type":"if","locations":[{"start":{"line":10,"column":456},"end":{"line":10,"column":656}},{"start":{"line":10,"column":456},"end":{"line":10,"column":656}}]},"9":{"loc":{"start":{"line":10,"column":501},"end":{"line":10,"column":656}},"type":"if","locations":[{"start":{"line":10,"column":501},"end":{"line":10,"column":656}},{"start":{"line":10,"column":501},"end":{"line":10,"column":656}}]},"10":{"loc":{"start":{"line":20,"column":40},"end":{"line":20,"column":267}},"type":"if","locations":[{"start":{"line":20,"column":40},"end":{"line":20,"column":267}},{"start":{"line":20,"column":40},"end":{"line":20,"column":267}}]},"11":{"loc":{"start":{"line":20,"column":44},"end":{"line":20,"column":50}},"type":"binary-expr","locations":[{"start":{"line":20,"column":44},"end":{"line":20,"column":50}},{"start":{"line":20,"column":51},"end":{"line":20,"column":40}}]},"12":{"loc":{"start":{"line":20,"column":107},"end":{"line":20,"column":229}},"type":"if","locations":[{"start":{"line":20,"column":107},"end":{"line":20,"column":229}},{"start":{"line":20,"column":107},"end":{"line":20,"column":229}}]},"13":{"loc":{"start":{"line":20,"column":149},"end":{"line":20,"column":201}},"type":"if","locations":[{"start":{"line":20,"column":149},"end":{"line":20,"column":201}},{"start":{"line":20,"column":149},"end":{"line":20,"column":201}}]},"14":{"loc":{"start":{"line":22,"column":44},"end":{"line":22,"column":196}},"type":"if","locations":[{"start":{"line":22,"column":44},"end":{"line":22,"column":196}},{"start":{"line":22,"column":44},"end":{"line":22,"column":196}}]},"15":{"loc":{"start":{"line":44,"column":4},"end":{"line":44,"column":38}},"type":"if","locations":[{"start":{"line":44,"column":4},"end":{"line":44,"column":38}},{"start":{"line":44,"column":4},"end":{"line":44,"column":38}}]},"16":{"loc":{"start":{"line":65,"column":46},"end":{"line":65,"column":25}},"type":"cond-expr","locations":[{"start":{"line":65,"column":46},"end":{"line":65,"column":25}},{"start":{"line":65,"column":66},"end":{"line":65,"column":2}}]},"17":{"loc":{"start":{"line":66,"column":57},"end":{"line":66,"column":38}},"type":"cond-expr","locations":[{"start":{"line":66,"column":57},"end":{"line":66,"column":38}},{"start":{"line":66,"column":88},"end":{"line":66,"column":17}}]},"18":{"loc":{"start":{"line":67,"column":15},"end":{"line":67,"column":14}},"type":"binary-expr","locations":[{"start":{"line":67,"column":15},"end":{"line":67,"column":14}},{"start":{"line":67,"column":35},"end":{"line":67,"column":2}}]},"19":{"loc":{"start":{"line":68,"column":25},"end":{"line":68,"column":16}},"type":"cond-expr","locations":[{"start":{"line":68,"column":25},"end":{"line":68,"column":16}},{"start":{"line":68,"column":43},"end":{"line":68,"column":2}}]}},"s":{"1":1,"2":1,"3":1,"4":0,"5":0,"6":0,"7":0,"8":0,"9":0,"10":1,"11":0,"12":0,"13":0,"14":0,"15":0,"16":0,"17":0,"18":0,"19":0,"20":0,"21":0,"22":0,"23":0,"24":0,"25":0,"26":0,"27":0,"28":1,"29":6,"30":6,"31":0,"32":0,"33":0,"34":1,"35":1,"36":1,"37":1,"38":2,"39":2,"40":0,"41":0,"42":0,"43":0,"44":0,"45":0,"46":0,"47":6,"48":0,"49":6,"50":6,"51":1,"52":1,"53":1,"54":1,"55":0,"56":0,"57":0,"58":0,"59":0,"60":0,"61":0,"62":0,"63":6,"64":6,"65":6,"66":6,"67":0,"68":0,"69":0,"70":0,"71":0,"72":0,"73":0,"74":0,"75":0,"76":0,"77":0,"78":0,"79":0,"80":0,"81":0,"82":0,"83":0,"84":0,"85":0,"86":0,"87":0,"88":0,"89":0,"90":0,"91":0,"92":0,"93":0,"94":0,"95":0,"96":0,"97":0,"98":0,"99":0,"100":0,"101":0,"102":0,"103":0,"104":0,"105":0,"106":0,"107":0,"108":0,"109":0,"110":1},"f":{"1":0,"2":1,"3":0,"4":6,"5":2,"6":6,"7":0,"8":0,"9":0,"10":6,"11":0,"12":0,"13":0,"14":0,"15":0,"16":0,"17":0,"18":0,"19":0,"20":0,"21":0,"22":0,"23":0,"24":0,"25":0,"26":0,"27":0,"28":0,"29":0,"30":0},"b":{"1":[1,0],"2":[0,0],"3":[0,0],"4":[0,0],"5":[0,0],"6":[0,0],"7":[0,0],"8":[6,0],"9":[0,0],"10":[2,0],"11":[2,2],"12":[0,0],"13":[0,0],"14":[0,6],"15":[0,0],"16":[0,0],"17":[0,0],"18":[0,0],"19":[0,0]}},"C:/Users/cchamberlain/noderaider/react-redux-stream/packages/react-redux-stream/lib/utils/observeStore.js":{"path":"C:/Users/cchamberlain/noderaider/react-redux-stream/packages/react-redux-stream/lib/utils/observeStore.js","statementMap":{"1":{"start":{"line":3,"column":15},"end":{"line":3,"column":0}},"2":{"start":{"line":3,"column":52},"end":{"line":3,"column":240}},"3":{"start":{"line":3,"column":110},"end":{"line":3,"column":97}},"4":{"start":{"line":3,"column":124},"end":{"line":3,"column":237}},"5":{"start":{"line":3,"column":150},"end":{"line":3,"column":235}},"6":{"start":{"line":3,"column":207},"end":{"line":null,"column":-1}},"7":{"start":{"line":3,"column":240},"end":{"line":null,"column":-1}},"8":{"start":{"line":5,"column":14},"end":{"line":5,"column":0}},"9":{"start":{"line":7,"column":13},"end":{"line":7,"column":0}},"10":{"start":{"line":9,"column":13},"end":{"line":9,"column":0}},"11":{"start":{"line":11,"column":14},"end":{"line":11,"column":0}},"12":{"start":{"line":13,"column":39},"end":{"line":null,"column":-1}},"13":{"start":{"line":15,"column":40},"end":{"line":15,"column":267}},"14":{"start":{"line":15,"column":69},"end":{"line":null,"column":-1}},"15":{"start":{"line":15,"column":103},"end":{"line":15,"column":90}},"16":{"start":{"line":15,"column":107},"end":{"line":15,"column":229}},"17":{"start":{"line":15,"column":126},"end":{"line":15,"column":226}},"18":{"start":{"line":15,"column":149},"end":{"line":15,"column":201}},"19":{"start":{"line":15,"column":201},"end":{"line":null,"column":-1}},"20":{"start":{"line":15,"column":229},"end":{"line":15,"column":251}},"21":{"start":{"line":15,"column":251},"end":{"line":null,"column":-1}},"22":{"start":{"line":17,"column":13},"end":{"line":17,"column":0}},"23":{"start":{"line":21,"column":2},"end":{"line":null,"column":-1}},"24":{"start":{"line":22,"column":2},"end":{"line":null,"column":-1}},"25":{"start":{"line":23,"column":2},"end":{"line":null,"column":-1}},"26":{"start":{"line":24,"column":2},"end":{"line":null,"column":-1}},"27":{"start":{"line":25,"column":2},"end":{"line":null,"column":-1}},"28":{"start":{"line":26,"column":21},"end":{"line":26,"column":2}},"29":{"start":{"line":28,"column":15},"end":{"line":28,"column":2}},"30":{"start":{"line":31,"column":4},"end":{"line":null,"column":-1}},"31":{"start":{"line":32,"column":20},"end":{"line":32,"column":4}},"32":{"start":{"line":33,"column":4},"end":{"line":33,"column":36}},"33":{"start":{"line":33,"column":36},"end":{"line":null,"column":-1}},"34":{"start":{"line":35,"column":4},"end":{"line":null,"column":-1}},"35":{"start":{"line":36,"column":4},"end":{"line":null,"column":-1}},"36":{"start":{"line":37,"column":4},"end":{"line":null,"column":-1}},"37":{"start":{"line":40,"column":20},"end":{"line":40,"column":2}},"38":{"start":{"line":41,"column":2},"end":{"line":null,"column":-1}},"39":{"start":{"line":42,"column":2},"end":{"line":null,"column":-1}},"40":{"start":{"line":43,"column":2},"end":{"line":null,"column":-1}}},"fnMap":{"1":{"name":"(anonymous_2)","decl":{"start":{"line":3,"column":32},"end":{"line":3,"column":41}},"loc":{"start":{"line":3,"column":50},"end":{"line":3,"column":0}}},"2":{"name":"_interopRequireDefault","decl":{"start":{"line":13,"column":9},"end":{"line":13,"column":0}},"loc":{"start":{"line":13,"column":37},"end":{"line":13,"column":95}}},"3":{"name":"_interopRequireWildcard","decl":{"start":{"line":15,"column":9},"end":{"line":15,"column":0}},"loc":{"start":{"line":15,"column":38},"end":{"line":15,"column":269}}},"4":{"name":"observeStore","decl":{"start":{"line":20,"column":9},"end":{"line":20,"column":0}},"loc":{"start":{"line":20,"column":47},"end":{"line":44,"column":1}}},"5":{"name":"handleChange","decl":{"start":{"line":30,"column":11},"end":{"line":30,"column":2}},"loc":{"start":{"line":30,"column":26},"end":{"line":38,"column":3}}}},"branchMap":{"1":{"loc":{"start":{"line":3,"column":15},"end":{"line":3,"column":31}},"type":"binary-expr","locations":[{"start":{"line":3,"column":15},"end":{"line":3,"column":31}},{"start":{"line":3,"column":32},"end":{"line":3,"column":0}}]},"2":{"loc":{"start":{"line":3,"column":150},"end":{"line":3,"column":235}},"type":"if","locations":[{"start":{"line":3,"column":150},"end":{"line":3,"column":235}},{"start":{"line":3,"column":150},"end":{"line":3,"column":235}}]},"3":{"loc":{"start":{"line":13,"column":70},"end":{"line":13,"column":46}},"type":"cond-expr","locations":[{"start":{"line":13,"column":70},"end":{"line":13,"column":46}},{"start":{"line":13,"column":76},"end":{"line":13,"column":39}}]},"4":{"loc":{"start":{"line":13,"column":46},"end":{"line":13,"column":52}},"type":"binary-expr","locations":[{"start":{"line":13,"column":46},"end":{"line":13,"column":52}},{"start":{"line":13,"column":53},"end":{"line":13,"column":46}}]},"5":{"loc":{"start":{"line":15,"column":40},"end":{"line":15,"column":267}},"type":"if","locations":[{"start":{"line":15,"column":40},"end":{"line":15,"column":267}},{"start":{"line":15,"column":40},"end":{"line":15,"column":267}}]},"6":{"loc":{"start":{"line":15,"column":44},"end":{"line":15,"column":50}},"type":"binary-expr","locations":[{"start":{"line":15,"column":44},"end":{"line":15,"column":50}},{"start":{"line":15,"column":51},"end":{"line":15,"column":40}}]},"7":{"loc":{"start":{"line":15,"column":107},"end":{"line":15,"column":229}},"type":"if","locations":[{"start":{"line":15,"column":107},"end":{"line":15,"column":229}},{"start":{"line":15,"column":107},"end":{"line":15,"column":229}}]},"8":{"loc":{"start":{"line":15,"column":149},"end":{"line":15,"column":201}},"type":"if","locations":[{"start":{"line":15,"column":149},"end":{"line":15,"column":201}},{"start":{"line":15,"column":149},"end":{"line":15,"column":201}}]},"9":{"loc":{"start":{"line":33,"column":4},"end":{"line":33,"column":36}},"type":"if","locations":[{"start":{"line":33,"column":4},"end":{"line":33,"column":36}},{"start":{"line":33,"column":4},"end":{"line":33,"column":36}}]}},"s":{"1":1,"2":0,"3":0,"4":0,"5":0,"6":0,"7":0,"8":1,"9":1,"10":1,"11":1,"12":1,"13":1,"14":1,"15":0,"16":0,"17":0,"18":0,"19":0,"20":0,"21":0,"22":1,"23":0,"24":0,"25":0,"26":0,"27":0,"28":0,"29":0,"30":0,"31":0,"32":0,"33":0,"34":0,"35":0,"36":0,"37":0,"38":0,"39":0,"40":0},"f":{"1":0,"2":1,"3":1,"4":0,"5":0},"b":{"1":[1,0],"2":[0,0],"3":[1,0],"4":[1,1],"5":[1,0],"6":[1,1],"7":[0,0],"8":[0,0],"9":[0,0]}},"C:/Users/cchamberlain/noderaider/react-redux-stream/packages/react-redux-stream/lib/utils/stats.js":{"path":"C:/Users/cchamberlain/noderaider/react-redux-stream/packages/react-redux-stream/lib/utils/stats.js","statementMap":{"1":{"start":{"line":3,"column":0},"end":{"line":null,"column":-1}},"2":{"start":{"line":6,"column":0},"end":{"line":null,"column":-1}},"3":{"start":{"line":9,"column":2},"end":{"line":16,"column":3}},"4":{"start":{"line":10,"column":4},"end":{"line":null,"column":-1}},"5":{"start":{"line":11,"column":4},"end":{"line":null,"column":-1}},"6":{"start":{"line":12,"column":4},"end":{"line":null,"column":-1}},"7":{"start":{"line":14,"column":21},"end":{"line":14,"column":4}},"8":{"start":{"line":15,"column":4},"end":{"line":null,"column":-1}}},"fnMap":{"1":{"name":"stats","decl":{"start":{"line":8,"column":9},"end":{"line":8,"column":0}},"loc":{"start":{"line":8,"column":30},"end":{"line":17,"column":1}}}},"branchMap":{"1":{"loc":{"start":{"line":9,"column":2},"end":{"line":16,"column":3}},"type":"if","locations":[{"start":{"line":9,"column":2},"end":{"line":16,"column":3}},{"start":{"line":9,"column":2},"end":{"line":16,"column":3}}]},"2":{"loc":{"start":{"line":9,"column":6},"end":{"line":9,"column":5}},"type":"binary-expr","locations":[{"start":{"line":9,"column":6},"end":{"line":9,"column":5}},{"start":{"line":9,"column":23},"end":{"line":9,"column":2}}]},"3":{"loc":{"start":{"line":11,"column":42},"end":{"line":11,"column":18}},"type":"cond-expr","locations":[{"start":{"line":11,"column":42},"end":{"line":11,"column":18}},{"start":{"line":11,"column":51},"end":{"line":11,"column":4}}]},"4":{"loc":{"start":{"line":15,"column":27},"end":{"line":15,"column":12}},"type":"cond-expr","locations":[{"start":{"line":15,"column":27},"end":{"line":15,"column":12}},{"start":{"line":15,"column":36},"end":{"line":15,"column":4}}]}},"s":{"1":1,"2":1,"3":0,"4":0,"5":0,"6":0,"7":0,"8":0},"f":{"1":0},"b":{"1":[0,0],"2":[0,0],"3":[0,0],"4":[0,0]}}}